[01m[K/home/abril/catkin_obj/src/distancia/src/depth.cpp:51:37:[m[K [01;31m[Kerror: [m[Kmacro "ROS_INFO_STREAM" passed 2 arguments, but takes just 1
   51 |   ROS_INFO_STREAM("aaaaaa ", msg.num[01;31m[K)[m[K;
      |                                     [01;31m[K^[m[K
In file included from [01m[K/opt/ros/noetic/include/ros/console.h:584[m[K,
                 from [01m[K/opt/ros/noetic/include/ros/ros.h:40[m[K,
                 from [01m[K/home/abril/catkin_obj/src/distancia/src/depth.cpp:3[m[K:
[01m[K/opt/ros/noetic/include/rosconsole/macros_generated.h:111:[m[K [01;36m[Knote: [m[Kmacro "ROS_INFO_STREAM" defined here
  111 | #define ROS_INFO_STREAM(args) ROS_LOG_STREAM(::ros::console::levels::Info, ROSCONSOLE_DEFAULT_NAME, args)
      | 
[01m[K/home/abril/catkin_obj/src/distancia/src/depth.cpp:[m[K In function â€˜[01m[Kvoid callback_BoundingBoxes(const ConstPtr&)[m[Kâ€™:
[01m[K/home/abril/catkin_obj/src/distancia/src/depth.cpp:51:3:[m[K [01;31m[Kerror: [m[Kâ€˜[01m[KROS_INFO_STREAM[m[Kâ€™ was not declared in this scope
   51 |   [01;31m[KROS_INFO_STREAM[m[K("aaaaaa ", msg.num);
      |   [01;31m[K^~~~~~~~~~~~~~~[m[K
make[2]: *** [CMakeFiles/depth.dir/build.make:63: CMakeFiles/depth.dir/src/depth.cpp.o] Error 1
make[1]: *** [CMakeFiles/Makefile2:270: CMakeFiles/depth.dir/all] Error 2
make: *** [Makefile:141: all] Error 2
