[01m[K/home/abril/catkin_obj/src/distancia/src/depth.cpp:[m[K In function â€˜[01m[Kfloat get_distance(float*)[m[Kâ€™:
[01m[K/home/abril/catkin_obj/src/distancia/src/depth.cpp:27:16:[m[K [01;31m[Kerror: [m[Kexpected initializer before â€˜[01m[K->[m[Kâ€™ token
   27 |   float punt[2][01;31m[K->[m[Kpunt;
      |                [01;31m[K^~[m[K
make[2]: *** [CMakeFiles/depth.dir/build.make:63: CMakeFiles/depth.dir/src/depth.cpp.o] Error 1
make[1]: *** [CMakeFiles/Makefile2:270: CMakeFiles/depth.dir/all] Error 2
make: *** [Makefile:141: all] Error 2
