[35m[1mScanning dependencies of target depth[0m
[  0%] Built target std_msgs_generate_messages_eus
[  0%] Built target std_msgs_generate_messages_py
[  0%] Built target std_msgs_generate_messages_nodejs
[  7%] [32mBuilding CXX object CMakeFiles/depth.dir/src/depth.cpp.o[0m
[  7%] Built target std_msgs_generate_messages_cpp
[  7%] Built target _distance_generate_messages_check_deps_BoundingBoxes
[  7%] Built target _distance_generate_messages_check_deps_BoundingBox
[  7%] Built target std_msgs_generate_messages_lisp
[ 28%] Built target distance_generate_messages_eus
[ 42%] Built target distance_generate_messages_nodejs
[ 64%] Built target distance_generate_messages_py
[ 78%] Built target distance_generate_messages_cpp
[ 92%] Built target distance_generate_messages_lisp
[ 92%] Built target distance_generate_messages
[01m[K/home/abril/catkin_obj/src/distancia/src/depth.cpp:[m[K In function â€˜[01m[Kvoid callback_image(const ImageConstPtr&)[m[Kâ€™:
[01m[K/home/abril/catkin_obj/src/distancia/src/depth.cpp:65:12:[m[K [01;31m[Kerror: [m[Kexpected primary-expression before â€˜[01m[K=[m[Kâ€™ token
   65 |   distance [01;31m[K=[m[K 0.001*cv_ptr->image.at<u_int16_t>(xr, yr);
      |            [01;31m[K^[m[K
[01m[K/home/abril/catkin_obj/src/distancia/src/depth.cpp:65:48:[m[K [01;31m[Kerror: [m[Kâ€˜[01m[Kxr[m[Kâ€™ was not declared in this scope
   65 |   distance = 0.001*cv_ptr->image.at<u_int16_t>([01;31m[Kxr[m[K, yr);
      |                                                [01;31m[K^~[m[K
[01m[K/home/abril/catkin_obj/src/distancia/src/depth.cpp:65:52:[m[K [01;31m[Kerror: [m[Kâ€˜[01m[Kyr[m[Kâ€™ was not declared in this scope; did you mean â€˜[01m[Kyn[m[Kâ€™?
   65 |   distance = 0.001*cv_ptr->image.at<u_int16_t>(xr, [01;31m[Kyr[m[K);
      |                                                    [01;31m[K^~[m[K
      |                                                    [32m[Kyn[m[K
[01m[K/home/abril/catkin_obj/src/distancia/src/depth.cpp:66:22:[m[K [01;31m[Kerror: [m[Kexpected primary-expression before â€˜[01m[K<<[m[Kâ€™ token
   66 |   std::cout<<distance[01;31m[K<<[m[Kstd::endl;
      |                      [01;31m[K^~[m[K
make[2]: *** [CMakeFiles/depth.dir/build.make:63: CMakeFiles/depth.dir/src/depth.cpp.o] Error 1
make[1]: *** [CMakeFiles/Makefile2:270: CMakeFiles/depth.dir/all] Error 2
make: *** [Makefile:141: all] Error 2
