[01m[K/home/abril/catkin_obj/src/distancia/src/depth.cpp:[m[K In function â€˜[01m[Kvoid callback_BoundingBoxes(const ConstPtr&)[m[Kâ€™:
[01m[K/home/abril/catkin_obj/src/distancia/src/depth.cpp:54:41:[m[K [01;31m[Kerror: [m[Kexpected â€˜[01m[K;[m[Kâ€™ before â€˜[01m[K)[m[Kâ€™ token
   54 |   for  (int i = 0; i< bboxes.size(), i++[01;31m[K)[m[K{
      |                                         [01;31m[K^[m[K
      |                                         [32m[K;[m[K
[01m[K/home/abril/catkin_obj/src/distancia/src/depth.cpp:55:14:[m[K [01;31m[Kerror: [m[Kâ€˜[01m[Kbbox[m[Kâ€™ was not declared in this scope; did you mean â€˜[01m[Kbboxes[m[Kâ€™?
   55 |     int xmin=[01;31m[Kbbox[m[K.bounding_boxes[i].xmin;
      |              [01;31m[K^~~~[m[K
      |              [32m[Kbboxes[m[K
make[2]: *** [CMakeFiles/depth.dir/build.make:63: CMakeFiles/depth.dir/src/depth.cpp.o] Error 1
make[1]: *** [CMakeFiles/Makefile2:270: CMakeFiles/depth.dir/all] Error 2
make: *** [Makefile:141: all] Error 2
